Using pre-set license
Built from '2020.2/staging' branch; Version is '2020.2.5f1 (e2c53f129de5) revision 14861631'; Using compiler version '192528614'; Build Type 'Release'
OS: 'Windows 10 Home; OS build 18363.1379; Version 1909; 64bit' Language: 'en' Physical Memory: 8052 MB
BatchMode: 1, IsHumanControllingUs: 0, StartBugReporterOnCrash: 0, Is64bit: 1, IsPro: 0

 COMMAND LINE ARGUMENTS:
D:\Unity\2020.2.5f1\Editor\Unity.exe
-adb2
-batchMode
-noUpm
-name
AssetImportWorker2
-projectPath
D:/Repo/brickhack7-vr-classroom/BrickHack7VRClassroom
-logFile
Logs/AssetImportWorker2.log
-srvPort
63198
Successfully changed project path to: D:/Repo/brickhack7-vr-classroom/BrickHack7VRClassroom
D:/Repo/brickhack7-vr-classroom/BrickHack7VRClassroom
Using Asset Import Pipeline V2.
Refreshing native plugins compatible for Editor in 74.27 ms, found 8 plugins.
Preloading 1 native plugins for Editor in 1.87 ms.
Initialize engine version: 2020.2.5f1 (e2c53f129de5)
[Subsystems] Discovering subsystems at path D:/Unity/2020.2.5f1/Editor/Data/Resources/UnitySubsystems
[Subsystems] Discovering subsystems at path D:/Repo/brickhack7-vr-classroom/BrickHack7VRClassroom/Assets
GfxDevice: creating device client; threaded=0
Direct3D:
    Version:  Direct3D 11.0 [level 11.1]
    Renderer: NVIDIA GeForce GTX 1060 (ID=0x1c20)
    Vendor:   
    VRAM:     6052 MB
    Driver:   25.21.14.1971
Initialize mono
Mono path[0] = 'D:/Unity/2020.2.5f1/Editor/Data/Managed'
Mono path[1] = 'D:/Unity/2020.2.5f1/Editor/Data/MonoBleedingEdge/lib/mono/unityjit'
Mono config path = 'D:/Unity/2020.2.5f1/Editor/Data/MonoBleedingEdge/etc'
Using monoOptions --debugger-agent=transport=dt_socket,embedding=1,server=y,suspend=n,address=127.0.0.1:56188
Begin MonoManager ReloadAssembly
Registering precompiled unity dll's ...
Register platform support module: D:/Unity/2020.2.5f1/Editor/Data/PlaybackEngines/WindowsStandaloneSupport/UnityEditor.WindowsStandalone.Extensions.dll
Registered in 0.001081 seconds.
Native extension for WindowsStandalone target not found
Refreshing native plugins compatible for Editor in 48.47 ms, found 8 plugins.
Preloading 1 native plugins for Editor in 0.06 ms.
Invoked RoslynAnalysisRunner static constructor.
RoslynAnalysisRunner will not be running.
RoslynAnalysisRunner has terminated.
Mono: successfully reloaded assembly
- Completed reload, in  2.915 seconds
Platform modules already initialized, skipping
Registering precompiled user dll's ...
Registered in 0.006499 seconds.
Begin MonoManager ReloadAssembly
Native extension for WindowsStandalone target not found
Refreshing native plugins compatible for Editor in 42.28 ms, found 8 plugins.
Preloading 1 native plugins for Editor in 0.05 ms.
Invoked RoslynAnalysisRunner static constructor.
RoslynAnalysisRunner will not be running.
RoslynAnalysisRunner has terminated.
[XR] OculusXRPlugin: registering subsystems
[XR] Unable to register display lifecyle provider: [1]
[XR] Oculus Input lifecycle provider registered.
[XR] Unable to register input lifecyle provider: [1]
NullReferenceException: Object reference not set to an instance of an object
  at Unity.XR.Oculus.OculusLoader.AssetPathToAbsolutePath (System.String assetPath) [0x00048] in D:\Home\brickhack7-vr-classroom\BrickHack7VRClassroom\Library\PackageCache\com.unity.xr.oculus@1.7.0\Runtime\OculusLoader.cs:243 
  at Unity.XR.Oculus.OculusLoader.EditorLoadOVRPlugin () [0x0007b] in D:\Home\brickhack7-vr-classroom\BrickHack7VRClassroom\Library\PackageCache\com.unity.xr.oculus@1.7.0\Runtime\OculusLoader.cs:228 

(Filename: D:/Home/brickhack7-vr-classroom/BrickHack7VRClassroom/Library/PackageCache/com.unity.xr.oculus@1.7.0/Runtime/OculusLoader.cs Line: 243)

Mono: successfully reloaded assembly
- Completed reload, in  2.804 seconds
Platform modules already initialized, skipping
========================================================================
Worker process is ready to serve import requests
Launched and connected shader compiler UnityShaderCompiler.exe after 0.33 seconds
Refreshing native plugins compatible for Editor in 1.38 ms, found 8 plugins.
Preloading 1 native plugins for Editor in 0.08 ms.
Unloading 1844 Unused Serialized files (Serialized files now loaded: 0)
System memory in use before: 84.1 MB.
System memory in use after: 84.1 MB.

Unloading 49 unused Assets to reduce memory usage. Loaded Objects now: 2266.
Total: 2.805900 ms (FindLiveObjects: 0.224300 ms CreateObjectMapping: 0.075900 ms MarkObjects: 2.414300 ms  DeleteObjects: 0.090100 ms)

========================================================================
Received Import Request.
  path: Packages/com.unity.analytics/DataPrivacy/DataPrivacyButton.prefab
  artifactKey: Guid(71b11355001648444b41d17fd36c150d) Importer(815301076,1909f56bfc062723c751e8b465ee728b)
Start importing Packages/com.unity.analytics/DataPrivacy/DataPrivacyButton.prefab using Guid(71b11355001648444b41d17fd36c150d) Importer(815301076,1909f56bfc062723c751e8b465ee728b)  -> (artifact id: '79a435d55fd615ac3243586788f6a01d') in 0.249254 seconds
  Import took 0.253989 seconds .

========================================================================
Received Import Request.
  Time since last request: 0.000400 seconds.
  path: Packages/com.unity.xr.legacyinputhelpers/Prefabs/XRRig.prefab
  artifactKey: Guid(c116b7497ab8ca34c9188965d4295e27) Importer(815301076,1909f56bfc062723c751e8b465ee728b)
Start importing Packages/com.unity.xr.legacyinputhelpers/Prefabs/XRRig.prefab using Guid(c116b7497ab8ca34c9188965d4295e27) Importer(815301076,1909f56bfc062723c751e8b465ee728b)  -> (artifact id: '6f2a3d11f01feb72458a5e7c0aa5dc52') in 0.085576 seconds
  Import took 0.090163 seconds .

========================================================================
Received Import Request.
  Time since last request: 0.000498 seconds.
  path: Assets/XR/XRGeneralSettings.asset
  artifactKey: Guid(a7dabe34b46b6cb4db2d166c97ab82bb) Importer(815301076,1909f56bfc062723c751e8b465ee728b)
Start importing Assets/XR/XRGeneralSettings.asset using Guid(a7dabe34b46b6cb4db2d166c97ab82bb) Importer(815301076,1909f56bfc062723c751e8b465ee728b)  -> (artifact id: 'f5b42d37486386f0ce9d96153b3cfc48') in 0.082820 seconds
  Import took 0.088792 seconds .

========================================================================
Received Import Request.
  Time since last request: 164.858384 seconds.
  path: Assets/XR/Loaders
  artifactKey: Guid(32adf6a65b45910419e5b4afdbce0aee) Importer(815301076,1909f56bfc062723c751e8b465ee728b)
Start importing Assets/XR/Loaders using Guid(32adf6a65b45910419e5b4afdbce0aee) Importer(815301076,1909f56bfc062723c751e8b465ee728b)  -> (artifact id: '15442b3d43191f7c502d3531871dd760') in 0.010934 seconds
  Import took 0.015241 seconds .

========================================================================
Received Import Request.
  Time since last request: 0.055899 seconds.
  path: Assets/XR/Loaders/Oculus Loader.asset
  artifactKey: Guid(10e2e6c1cdbbe0b49a23fd167cb9a6ab) Importer(815301076,1909f56bfc062723c751e8b465ee728b)
Start importing Assets/XR/Loaders/Oculus Loader.asset using Guid(10e2e6c1cdbbe0b49a23fd167cb9a6ab) Importer(815301076,1909f56bfc062723c751e8b465ee728b)  -> (artifact id: '658d9ec421a64a1b433396485a58c4c4') in 0.042703 seconds
  Import took 0.050069 seconds .

========================================================================
Received Import Request.
  Time since last request: 0.001230 seconds.
  path: Assets/XR/Loaders/Open XR Loader.asset
  artifactKey: Guid(5ab50e161b70423448d6276c470c3fa7) Importer(815301076,1909f56bfc062723c751e8b465ee728b)
Start importing Assets/XR/Loaders/Open XR Loader.asset using Guid(5ab50e161b70423448d6276c470c3fa7) Importer(815301076,1909f56bfc062723c751e8b465ee728b) [XR] Error loading subsystem: Display (1) (header mismatch?)
 -> (artifact id: '5eee649eccce61526f6788ad662e7c39') in 0.017907 seconds
  Import took 0.024268 seconds .

========================================================================
Received Import Request.
  Time since last request: 0.000658 seconds.
  path: Assets/XR/Loaders/Oculus Loader.asset
  artifactKey: Guid(10e2e6c1cdbbe0b49a23fd167cb9a6ab) Importer(815301076,1909f56bfc062723c751e8b465ee728b)
Start importing Assets/XR/Loaders/Oculus Loader.asset using Guid(10e2e6c1cdbbe0b49a23fd167cb9a6ab) Importer(815301076,1909f56bfc062723c751e8b465ee728b)  -> (artifact id: '658d9ec421a64a1b433396485a58c4c4') in 0.021177 seconds
  Import took 0.026905 seconds .

========================================================================
Received Import Request.
  Time since last request: 0.000439 seconds.
  path: Assets/XR/Loaders/Open XR Loader No Pre Init.asset
  artifactKey: Guid(0f77fff30e8d0d542ba4f94ff6bb7a91) Importer(815301076,1909f56bfc062723c751e8b465ee728b)
Start importing Assets/XR/Loaders/Open XR Loader No Pre Init.asset using Guid(0f77fff30e8d0d542ba4f94ff6bb7a91) Importer(815301076,1909f56bfc062723c751e8b465ee728b)  -> (artifact id: '6cda7c0799168e44311ada24e19041d5') in 0.017142 seconds
  Import took 0.021421 seconds .

========================================================================
Received Import Request.
  Time since last request: 5.753911 seconds.
  path: Assets/XR/Settings/Oculus Settings.asset
  artifactKey: Guid(2c2f303b9454e1249a64820910ae2d6e) Importer(815301076,1909f56bfc062723c751e8b465ee728b)
Start importing Assets/XR/Settings/Oculus Settings.asset using Guid(2c2f303b9454e1249a64820910ae2d6e) Importer(815301076,1909f56bfc062723c751e8b465ee728b)  -> (artifact id: 'fb17d7e48dd53be78e0d28a0237719f4') in 0.010484 seconds
  Import took 0.014353 seconds .

========================================================================
Received Import Request.
  Time since last request: 0.000423 seconds.
  path: Assets/XR/Settings/Open XR Package Settings.asset
  artifactKey: Guid(8689c62e9d8058e429b83c1c4d493364) Importer(815301076,1909f56bfc062723c751e8b465ee728b)
Start importing Assets/XR/Settings/Open XR Package Settings.asset using Guid(8689c62e9d8058e429b83c1c4d493364) Importer(815301076,1909f56bfc062723c751e8b465ee728b)  -> (artifact id: '18fc989405738b49f27df42ffd2d2f46') in 0.130572 seconds
  Import took 0.135474 seconds .

========================================================================
Received Import Request.
  Time since last request: 8.264140 seconds.
  path: Packages/com.unity.xr.oculus
  artifactKey: Guid(98344296e350cd95c8cc154b88a349e0) Importer(815301076,1909f56bfc062723c751e8b465ee728b)
Start importing Packages/com.unity.xr.oculus using Guid(98344296e350cd95c8cc154b88a349e0) Importer(815301076,1909f56bfc062723c751e8b465ee728b)  -> (artifact id: '2c24fbc5fb2c8de839f69e24395302bd') in 0.017256 seconds
  Import took 0.023373 seconds .

========================================================================
Received Import Request.
  Time since last request: 1.337549 seconds.
  path: Packages/com.unity.xr.oculus/package.json
  artifactKey: Guid(8cf6f256af772d24eab8f4be77c7fe43) Importer(815301076,1909f56bfc062723c751e8b465ee728b)
Start importing Packages/com.unity.xr.oculus/package.json using Guid(8cf6f256af772d24eab8f4be77c7fe43) Importer(815301076,1909f56bfc062723c751e8b465ee728b)  -> (artifact id: '25209de6e8c5f3ba211d375f725d48aa') in 0.574837 seconds
  Import took 0.579898 seconds .

========================================================================
Received Import Request.
  Time since last request: 9.718400 seconds.
  path: Packages/com.unity.xr.openxr/package.json
  artifactKey: Guid(763acfe7f0d8c4ac9a7bc96e08f0face) Importer(815301076,1909f56bfc062723c751e8b465ee728b)
Start importing Packages/com.unity.xr.openxr/package.json using Guid(763acfe7f0d8c4ac9a7bc96e08f0face) Importer(815301076,1909f56bfc062723c751e8b465ee728b)  -> (artifact id: 'a52de6a44bf3f38ecfc404ebd0010b64') in 0.031455 seconds
  Import took 0.035490 seconds .

========================================================================
Received Import Request.
  Time since last request: 7.184245 seconds.
  path: Packages/com.unity.xr.legacyinputhelpers/package.json
  artifactKey: Guid(d16ab7e2b2998ad4c9729d86bb9aa666) Importer(815301076,1909f56bfc062723c751e8b465ee728b)
Start importing Packages/com.unity.xr.legacyinputhelpers/package.json using Guid(d16ab7e2b2998ad4c9729d86bb9aa666) Importer(815301076,1909f56bfc062723c751e8b465ee728b)  -> (artifact id: '27fe4f23f31166d5c7e7256ae9dd8563') in 0.122500 seconds
  Import took 0.127711 seconds .

========================================================================
Received Import Request.
  Time since last request: 1.982203 seconds.
  path: Packages/com.unity.xr.legacyinputhelpers/Prefabs
  artifactKey: Guid(ca05aff1f90b74f429ab1a0c98f36a37) Importer(815301076,1909f56bfc062723c751e8b465ee728b)
Start importing Packages/com.unity.xr.legacyinputhelpers/Prefabs using Guid(ca05aff1f90b74f429ab1a0c98f36a37) Importer(815301076,1909f56bfc062723c751e8b465ee728b)  -> (artifact id: 'f0b90a831a9ecdc128b961323e4f11da') in 0.017169 seconds
  Import took 0.021215 seconds .

========================================================================
Received Prepare
Registering precompiled user dll's ...
Registered in 0.207725 seconds.
Begin MonoManager ReloadAssembly
Native extension for WindowsStandalone target not found
Refreshing native plugins compatible for Editor in 1.27 ms, found 9 plugins.
Preloading 1 native plugins for Editor in 13.94 ms.
Invoked RoslynAnalysisRunner static constructor.
RoslynAnalysisRunner will not be running.
RoslynAnalysisRunner has terminated.
NullReferenceException: Object reference not set to an instance of an object
  at Unity.XR.Oculus.OculusLoader.AssetPathToAbsolutePath (System.String assetPath) [0x00048] in D:\Repo\brickhack7-vr-classroom\BrickHack7VRClassroom\Library\PackageCache\com.unity.xr.oculus@1.7.0\Runtime\OculusLoader.cs:243 
  at Unity.XR.Oculus.OculusLoader.EditorLoadOVRPlugin () [0x0007b] in D:\Repo\brickhack7-vr-classroom\BrickHack7VRClassroom\Library\PackageCache\com.unity.xr.oculus@1.7.0\Runtime\OculusLoader.cs:228 

(Filename: Library/PackageCache/com.unity.xr.oculus@1.7.0/Runtime/OculusLoader.cs Line: 243)

Mono: successfully reloaded assembly
- Completed reload, in  5.053 seconds
Platform modules already initialized, skipping
Switching build target platform(5) subTarget(0) extendedPlatform(0) -> platform(13) subTarget(589830) extendedPlatform(0)
Shader 'Oculus/OVRMRCameraFrameLit': fallback shader 'Alpha-Diffuse' not found
Shader 'Oculus/OVRMRCameraFrameLit': fallback shader 'Alpha-Diffuse' not found
Refreshing native plugins compatible for Editor in 1.09 ms, found 9 plugins.
Preloading 1 native plugins for Editor in 0.07 ms.
Unloading 2354 Unused Serialized files (Serialized files now loaded: 0)
System memory in use before: 108.4 MB.
System memory in use after: 101.9 MB.

Unloading 104 unused Assets to reduce memory usage. Loaded Objects now: 2739.
Total: 31.939000 ms (FindLiveObjects: 7.700600 ms CreateObjectMapping: 0.225500 ms MarkObjects: 15.198200 ms  DeleteObjects: 8.812100 ms)

AssetImportParameters requested are different than current active one (requested -> active):
  custom:graphics/normal-map-encoding: 01000000000000000000000000000000 -> 02000000000000000000000000000000
AssetImportWorkerClient::OnTransportError - code=2 error=End of file
